
> nextn@0.1.0 dev
> npx next dev --turbopack -p 9002

   ▲ Next.js 15.5.9 (Turbopack)
   - Local:        http://localhost:9002
   - Network:      http://10.0.0.255:9002
   - Environments: .env.local

 ✓ Starting...
 ✓ Ready in 2.1s
 ○ Compiling / ...
 ✓ Compiled / in 10.9s
Error: Route "/" used `cookies().get('token')`. `cookies()` should be awaited before using its value. Learn more: https://nextjs.org/docs/messages/sync-dynamic-apis
    at Home (src/app/page.tsx:7:29)
   5 | export default function Home() {
   6 |   const cookieStore = cookies()
>  7 |   const token = cookieStore.get('token')
     |                             ^
   8 |
   9 |   if (!token) {
  10 |     redirect('/login');
 GET / 307 in 11876ms
 ○ Compiling /login ...
 ✓ Compiled /login in 2.3s
 GET /login 200 in 2579ms
 ○ Compiling /register ...
 ✓ Compiled /register in 934ms
 GET /register 200 in 1075ms
`x-forwarded-host` header with value `automatic-space-lamp-v4gwrx7r9v9f6xr6-9002.app.github.dev` does not match `origin` header with value `localhost:9002` from a forwarded Server Actions request. Aborting the action.
 ⨯ [Error: Invalid Server Actions request.] { digest: '3620844264' }
 POST /register 500 in 478ms
 ⚠ Fast Refresh had to perform a full reload due to a runtime error.
 ✓ Compiled in 535ms
 GET /register 200 in 253ms
 ○ Compiling /favicon.ico ...
 ✓ Compiled /favicon.ico in 1379ms
 GET /favicon.ico?favicon.7ed73651.ico 200 in 1734ms
 ✓ Compiled in 160ms
 ⨯ [Error: ENOENT: no such file or directory, open '/workspaces/bestcrm/.next/server/app/(auth)/register/page/app-build-manifest.json'] {
  errno: -2,
  code: 'ENOENT',
  syscall: 'open',
  path: '/workspaces/bestcrm/.next/server/app/(auth)/register/page/app-build-manifest.json'
}
 ○ Compiling /_error ...
 ✓ Compiled /_error in 3.1s
 ⨯ [Error: ENOENT: no such file or directory, open '/workspaces/bestcrm/.next/static/development/_buildManifest.js.tmp.o4z1bsihno'] {
  errno: -2,
  code: 'ENOENT',
  syscall: 'open',
  path: '/workspaces/bestcrm/.next/static/development/_buildManifest.js.tmp.o4z1bsihno'
}
[Error: ENOENT: no such file or directory, open '/workspaces/bestcrm/.next/server/app/(auth)/register/page/app-build-manifest.json'] {
  errno: -2,
  code: 'ENOENT',
  syscall: 'open',
  path: '/workspaces/bestcrm/.next/server/app/(auth)/register/page/app-build-manifest.json'
}
 ⨯ [Error: ENOENT: no such file or directory, open '/workspaces/bestcrm/.next/static/development/_buildManifest.js.tmp.rtgcocwdl5'] {
  errno: -2,
  code: 'ENOENT',
  syscall: 'open',
  path: '/workspaces/bestcrm/.next/static/development/_buildManifest.js.tmp.rtgcocwdl5'
}
[Error: ENOENT: no such file or directory, open '/workspaces/bestcrm/.next/static/development/_buildManifest.js.tmp.tx768xwhnus'] {
  errno: -2,
  code: 'ENOENT',
  syscall: 'open',
  path: '/workspaces/bestcrm/.next/static/development/_buildManifest.js.tmp.tx768xwhnus'
}
 ⨯ [Error: ENOENT: no such file or directory, open '/workspaces/bestcrm/.next/server/app/favicon.ico/[__metadata_id__]/route/app-paths-manifest.json'] {
  errno: -2,
  code: 'ENOENT',
  syscall: 'open',
  path: '/workspaces/bestcrm/.next/server/app/favicon.ico/[__metadata_id__]/route/app-paths-manifest.json'
}
 ⨯ [Error: ENOENT: no such file or directory, open '/workspaces/bestcrm/.next/server/app/(auth)/register/page/app-build-manifest.json'] {
  errno: -2,
  code: 'ENOENT',
  syscall: 'open',
  path: '/workspaces/bestcrm/.next/server/app/(auth)/register/page/app-build-manifest.json'
}
 ⨯ [Error: ENOENT: no such file or directory, open '/workspaces/bestcrm/.next/static/development/_buildManifest.js.tmp.fru4t2h9jf'] {
  errno: -2,
  code: 'ENOENT',
  syscall: 'open',
  path: '/workspaces/bestcrm/.next/static/development/_buildManifest.js.tmp.fru4t2h9jf'
}
[Error: ENOENT: no such file or directory, open '/workspaces/bestcrm/.next/server/app/(auth)/register/page/app-build-manifest.json'] {
  errno: -2,
  code: 'ENOENT',
  syscall: 'open',
  path: '/workspaces/bestcrm/.next/server/app/(auth)/register/page/app-build-manifest.json'
}
 ⨯ [Error: ENOENT: no such file or directory, open '/workspaces/bestcrm/.next/static/development/_buildManifest.js.tmp.oizshv0ulam'] {
  errno: -2,
  code: 'ENOENT',
  syscall: 'open',
  path: '/workspaces/bestcrm/.next/static/development/_buildManifest.js.tmp.oizshv0ulam'
}
[Error: ENOENT: no such file or directory, open '/workspaces/bestcrm/.next/static/development/_buildManifest.js.tmp.z9trhvv233'] {
  errno: -2,
  code: 'ENOENT',
  syscall: 'open',
  path: '/workspaces/bestcrm/.next/static/development/_buildManifest.js.tmp.z9trhvv233'
}
 ⨯ [Error: ENOENT: no such file or directory, open '/workspaces/bestcrm/.next/server/app/favicon.ico/[__metadata_id__]/route/app-paths-manifest.json'] {
  errno: -2,
  code: 'ENOENT',
  syscall: 'open',
  path: '/workspaces/bestcrm/.next/server/app/favicon.ico/[__metadata_id__]/route/app-paths-manifest.json'
}
 ⨯ [Error: ENOENT: no such file or directory, open '/workspaces/bestcrm/.next/server/app/page/app-build-manifest.json'] {
  errno: -2,
  code: 'ENOENT',
  syscall: 'open',
  path: '/workspaces/bestcrm/.next/server/app/page/app-build-manifest.json'
}
 ⨯ [Error: ENOENT: no such file or directory, open '/workspaces/bestcrm/.next/static/development/_buildManifest.js.tmp.4tbe3uske07'] {
  errno: -2,
  code: 'ENOENT',
  syscall: 'open',
  path: '/workspaces/bestcrm/.next/static/development/_buildManifest.js.tmp.4tbe3uske07'
}
[Error: ENOENT: no such file or directory, open '/workspaces/bestcrm/.next/server/app/page/app-build-manifest.json'] {
  errno: -2,
  code: 'ENOENT',
  syscall: 'open',
  path: '/workspaces/bestcrm/.next/server/app/page/app-build-manifest.json'
}
 ⨯ [Error: ENOENT: no such file or directory, open '/workspaces/bestcrm/.next/static/development/_buildManifest.js.tmp.5ud9woit2s5'] {
  errno: -2,
  code: 'ENOENT',
  syscall: 'open',
  path: '/workspaces/bestcrm/.next/static/development/_buildManifest.js.tmp.5ud9woit2s5'
}
[Error: ENOENT: no such file or directory, open '/workspaces/bestcrm/.next/static/development/_buildManifest.js.tmp.o32htd2nu'] {
  errno: -2,
  code: 'ENOENT',
  syscall: 'open',
  path: '/workspaces/bestcrm/.next/static/development/_buildManifest.js.tmp.o32htd2nu'
}
 ⨯ [Error: ENOENT: no such file or directory, open '/workspaces/bestcrm/.next/server/app/favicon.ico/[__metadata_id__]/route/app-paths-manifest.json'] {
  errno: -2,
  code: 'ENOENT',
  syscall: 'open',
  path: '/workspaces/bestcrm/.next/server/app/favicon.ico/[__metadata_id__]/route/app-paths-manifest.json'
}
[?25h
