
> nextn@0.1.0 dev
> npx next dev --turbopack -p 9002

   ▲ Next.js 15.5.9 (Turbopack)
   - Local:        http://localhost:9002
   - Network:      http://10.0.0.255:9002
   - Environments: .env.local

 ✓ Starting...
 ✓ Ready in 3.4s
 ○ Compiling / ...
 ✓ Compiled / in 13.5s
Error: Route "/" used `cookies().get('token')`. `cookies()` should be awaited before using its value. Learn more: https://nextjs.org/docs/messages/sync-dynamic-apis
    at Home (src/app/page.tsx:7:29)
   5 | export default function Home() {
   6 |   const cookieStore = cookies()
>  7 |   const token = cookieStore.get('token')
     |                             ^
   8 |
   9 |   if (!token) {
  10 |     redirect('/login');
 GET / 307 in 14382ms
Error: Route "/" used `cookies().get('token')`. `cookies()` should be awaited before using its value. Learn more: https://nextjs.org/docs/messages/sync-dynamic-apis
    at Home (src/app/page.tsx:7:29)
   5 | export default function Home() {
   6 |   const cookieStore = cookies()
>  7 |   const token = cookieStore.get('token')
     |                             ^
   8 |
   9 |   if (!token) {
  10 |     redirect('/login');
 GET / 307 in 149ms
 ○ Compiling /login ...
 ✓ Compiled /login in 1686ms
 ⨯ TypeError: (0 , __TURBOPACK__imported__module__$5b$project$5d2f$node_modules$2f$next$2f$dist$2f$server$2f$route$2d$modules$2f$app$2d$page$2f$vendored$2f$ssr$2f$react$2d$dom$2e$js__$5b$app$2d$ssr$5d$__$28$ecmascript$29$__.useActionState) is not a function or its return value is not iterable
    at LoginPage (src/app/(auth)/login/page.tsx:27:45)
  25 |
  26 | export default function LoginPage() {
> 27 |   const [state, formAction] = useActionState(login, undefined)
     |                                             ^
  28 |
  29 |   return (
  30 |     <Card className="mx-auto max-w-sm"> {
  digest: '1470430385'
}
 GET /login 500 in 1997ms
 ○ Compiling /favicon.ico ...
 ✓ Compiled /favicon.ico in 979ms
 GET /favicon.ico 200 in 1259ms
 GET /favicon.ico?favicon.7ed73651.ico 200 in 1299ms
 ✓ Compiled in 280ms
 ⚠ Fast Refresh had to perform a full reload due to a runtime error.
 GET /login 200 in 426ms
 GET /favicon.ico?favicon.7ed73651.ico 200 in 254ms
 ○ Compiling /register ...
 ✓ Compiled /register in 528ms
 GET /register 200 in 658ms
`x-forwarded-host` header with value `automatic-space-lamp-v4gwrx7r9v9f6xr6-9002.app.github.dev` does not match `origin` header with value `localhost:9002` from a forwarded Server Actions request. Aborting the action.
 ⨯ [Error: Invalid Server Actions request.] { digest: '3620844264' }
 POST /register 500 in 511ms
 ✓ Compiled in 187ms
 ⚠ Fast Refresh had to perform a full reload due to a runtime error.
 GET /register 200 in 124ms
 GET /favicon.ico?favicon.7ed73651.ico 200 in 386ms
 ✓ Compiled in 198ms
 ⨯ [Error: ENOENT: no such file or directory, open '/workspaces/bestcrm/.next/server/app/(auth)/register/page/app-build-manifest.json'] {
  errno: -2,
  code: 'ENOENT',
  syscall: 'open',
  path: '/workspaces/bestcrm/.next/server/app/(auth)/register/page/app-build-manifest.json'
}
 ○ Compiling /_error ...
 ✓ Compiled /_error in 3.2s
 ⨯ [Error: ENOENT: no such file or directory, open '/workspaces/bestcrm/.next/static/development/_buildManifest.js.tmp.1ym4emxqxzx'] {
  errno: -2,
  code: 'ENOENT',
  syscall: 'open',
  path: '/workspaces/bestcrm/.next/static/development/_buildManifest.js.tmp.1ym4emxqxzx'
}
[Error: ENOENT: no such file or directory, open '/workspaces/bestcrm/.next/server/app/(auth)/register/page/app-build-manifest.json'] {
  errno: -2,
  code: 'ENOENT',
  syscall: 'open',
  path: '/workspaces/bestcrm/.next/server/app/(auth)/register/page/app-build-manifest.json'
}
 ⨯ [Error: ENOENT: no such file or directory, open '/workspaces/bestcrm/.next/static/development/_buildManifest.js.tmp.zxyj73s31t'] {
  errno: -2,
  code: 'ENOENT',
  syscall: 'open',
  path: '/workspaces/bestcrm/.next/static/development/_buildManifest.js.tmp.zxyj73s31t'
}
[Error: ENOENT: no such file or directory, open '/workspaces/bestcrm/.next/static/development/_buildManifest.js.tmp.0ffj62jsr6ht'] {
  errno: -2,
  code: 'ENOENT',
  syscall: 'open',
  path: '/workspaces/bestcrm/.next/static/development/_buildManifest.js.tmp.0ffj62jsr6ht'
}
 ⨯ [Error: ENOENT: no such file or directory, open '/workspaces/bestcrm/.next/server/app/favicon.ico/[__metadata_id__]/route/app-paths-manifest.json'] {
  errno: -2,
  code: 'ENOENT',
  syscall: 'open',
  path: '/workspaces/bestcrm/.next/server/app/favicon.ico/[__metadata_id__]/route/app-paths-manifest.json'
}
 ⨯ [Error: ENOENT: no such file or directory, open '/workspaces/bestcrm/.next/server/app/(auth)/register/page/app-build-manifest.json'] {
  errno: -2,
  code: 'ENOENT',
  syscall: 'open',
  path: '/workspaces/bestcrm/.next/server/app/(auth)/register/page/app-build-manifest.json'
}
 ⨯ [Error: ENOENT: no such file or directory, open '/workspaces/bestcrm/.next/static/development/_buildManifest.js.tmp.kwnsvn6kwyg'] {
  errno: -2,
  code: 'ENOENT',
  syscall: 'open',
  path: '/workspaces/bestcrm/.next/static/development/_buildManifest.js.tmp.kwnsvn6kwyg'
}
[Error: ENOENT: no such file or directory, open '/workspaces/bestcrm/.next/server/app/(auth)/register/page/app-build-manifest.json'] {
  errno: -2,
  code: 'ENOENT',
  syscall: 'open',
  path: '/workspaces/bestcrm/.next/server/app/(auth)/register/page/app-build-manifest.json'
}
 ⨯ [Error: ENOENT: no such file or directory, open '/workspaces/bestcrm/.next/static/development/_buildManifest.js.tmp.dskvtcr6zg7'] {
  errno: -2,
  code: 'ENOENT',
  syscall: 'open',
  path: '/workspaces/bestcrm/.next/static/development/_buildManifest.js.tmp.dskvtcr6zg7'
}
[Error: ENOENT: no such file or directory, open '/workspaces/bestcrm/.next/static/development/_buildManifest.js.tmp.ano0bita6'] {
  errno: -2,
  code: 'ENOENT',
  syscall: 'open',
  path: '/workspaces/bestcrm/.next/static/development/_buildManifest.js.tmp.ano0bita6'
}
 ⨯ [Error: ENOENT: no such file or directory, open '/workspaces/bestcrm/.next/server/app/favicon.ico/[__metadata_id__]/route/app-paths-manifest.json'] {
  errno: -2,
  code: 'ENOENT',
  syscall: 'open',
  path: '/workspaces/bestcrm/.next/server/app/favicon.ico/[__metadata_id__]/route/app-paths-manifest.json'
}
 ⨯ [Error: ENOENT: no such file or directory, open '/workspaces/bestcrm/.next/server/app/page/app-build-manifest.json'] {
  errno: -2,
  code: 'ENOENT',
  syscall: 'open',
  path: '/workspaces/bestcrm/.next/server/app/page/app-build-manifest.json'
}
 ⨯ [Error: ENOENT: no such file or directory, open '/workspaces/bestcrm/.next/static/development/_buildManifest.js.tmp.45twhdqq0wp'] {
  errno: -2,
  code: 'ENOENT',
  syscall: 'open',
  path: '/workspaces/bestcrm/.next/static/development/_buildManifest.js.tmp.45twhdqq0wp'
}
[Error: ENOENT: no such file or directory, open '/workspaces/bestcrm/.next/server/app/page/app-build-manifest.json'] {
  errno: -2,
  code: 'ENOENT',
  syscall: 'open',
  path: '/workspaces/bestcrm/.next/server/app/page/app-build-manifest.json'
}
 ⨯ [Error: ENOENT: no such file or directory, open '/workspaces/bestcrm/.next/static/development/_buildManifest.js.tmp.q7mwg1ztpl'] {
  errno: -2,
  code: 'ENOENT',
  syscall: 'open',
  path: '/workspaces/bestcrm/.next/static/development/_buildManifest.js.tmp.q7mwg1ztpl'
}
[Error: ENOENT: no such file or directory, open '/workspaces/bestcrm/.next/static/development/_buildManifest.js.tmp.txewpg45ou'] {
  errno: -2,
  code: 'ENOENT',
  syscall: 'open',
  path: '/workspaces/bestcrm/.next/static/development/_buildManifest.js.tmp.txewpg45ou'
}
 ⨯ [Error: ENOENT: no such file or directory, open '/workspaces/bestcrm/.next/server/app/favicon.ico/[__metadata_id__]/route/app-paths-manifest.json'] {
  errno: -2,
  code: 'ENOENT',
  syscall: 'open',
  path: '/workspaces/bestcrm/.next/server/app/favicon.ico/[__metadata_id__]/route/app-paths-manifest.json'
}
 ⨯ [Error: ENOENT: no such file or directory, open '/workspaces/bestcrm/.next/server/app/(auth)/register/page/app-build-manifest.json'] {
  errno: -2,
  code: 'ENOENT',
  syscall: 'open',
  path: '/workspaces/bestcrm/.next/server/app/(auth)/register/page/app-build-manifest.json'
}
 ⨯ [Error: ENOENT: no such file or directory, open '/workspaces/bestcrm/.next/static/development/_buildManifest.js.tmp.ka8wax8vm5b'] {
  errno: -2,
  code: 'ENOENT',
  syscall: 'open',
  path: '/workspaces/bestcrm/.next/static/development/_buildManifest.js.tmp.ka8wax8vm5b'
}
[Error: ENOENT: no such file or directory, open '/workspaces/bestcrm/.next/server/app/(auth)/register/page/app-build-manifest.json'] {
  errno: -2,
  code: 'ENOENT',
  syscall: 'open',
  path: '/workspaces/bestcrm/.next/server/app/(auth)/register/page/app-build-manifest.json'
}
 ⨯ [Error: ENOENT: no such file or directory, open '/workspaces/bestcrm/.next/static/development/_buildManifest.js.tmp.lgdv2ayc9is'] {
  errno: -2,
  code: 'ENOENT',
  syscall: 'open',
  path: '/workspaces/bestcrm/.next/static/development/_buildManifest.js.tmp.lgdv2ayc9is'
}
[Error: ENOENT: no such file or directory, open '/workspaces/bestcrm/.next/static/development/_buildManifest.js.tmp.ypdhdlnl3df'] {
  errno: -2,
  code: 'ENOENT',
  syscall: 'open',
  path: '/workspaces/bestcrm/.next/static/development/_buildManifest.js.tmp.ypdhdlnl3df'
}
 ⨯ [Error: ENOENT: no such file or directory, open '/workspaces/bestcrm/.next/server/app/favicon.ico/[__metadata_id__]/route/app-paths-manifest.json'] {
  errno: -2,
  code: 'ENOENT',
  syscall: 'open',
  path: '/workspaces/bestcrm/.next/server/app/favicon.ico/[__metadata_id__]/route/app-paths-manifest.json'
}
 ⨯ [Error: ENOENT: no such file or directory, open '/workspaces/bestcrm/.next/server/app/page/app-build-manifest.json'] {
  errno: -2,
  code: 'ENOENT',
  syscall: 'open',
  path: '/workspaces/bestcrm/.next/server/app/page/app-build-manifest.json'
}
 ⨯ [Error: ENOENT: no such file or directory, open '/workspaces/bestcrm/.next/static/development/_buildManifest.js.tmp.5g2mhm2940c'] {
  errno: -2,
  code: 'ENOENT',
  syscall: 'open',
  path: '/workspaces/bestcrm/.next/static/development/_buildManifest.js.tmp.5g2mhm2940c'
}
[Error: ENOENT: no such file or directory, open '/workspaces/bestcrm/.next/server/app/page/app-build-manifest.json'] {
  errno: -2,
  code: 'ENOENT',
  syscall: 'open',
  path: '/workspaces/bestcrm/.next/server/app/page/app-build-manifest.json'
}
 ⨯ [Error: ENOENT: no such file or directory, open '/workspaces/bestcrm/.next/static/development/_buildManifest.js.tmp.2ag9i0olwfe'] {
  errno: -2,
  code: 'ENOENT',
  syscall: 'open',
  path: '/workspaces/bestcrm/.next/static/development/_buildManifest.js.tmp.2ag9i0olwfe'
}
[Error: ENOENT: no such file or directory, open '/workspaces/bestcrm/.next/static/development/_buildManifest.js.tmp.u1vc0jkcb9'] {
  errno: -2,
  code: 'ENOENT',
  syscall: 'open',
  path: '/workspaces/bestcrm/.next/static/development/_buildManifest.js.tmp.u1vc0jkcb9'
}
[?25h
